<?xml version="1.0" encoding="UTF-8"?>
<!-- Generated by org.testng.reporters.JUnitReportReporter -->
<testsuite hostname="DESKTOP-I3QLBQ5" failures="0" tests="1" name="test.Pass" time="4.648" errors="0" timestamp="16 Aug 2024 13:05:19 GMT" skipped="0">
  <testcase classname="test.Pass" name="testGetPost" time="4.648"/>
</testsuite> <!-- test.Pass -->
